-------------------------------------------------------------------------------
Test set: com.example.exo11.service.TicketServiceTest
-------------------------------------------------------------------------------
Tests run: 11, Failures: 4, Errors: 7, Skipped: 0, Time elapsed: 0.555 s <<< FAILURE! -- in com.example.exo11.service.TicketServiceTest
com.example.exo11.service.TicketServiceTest.shouldThrowWhenUpdatingStatusOfUnknownTicket -- Time elapsed: 0.522 s <<< FAILURE!
org.opentest4j.AssertionFailedError: Unexpected exception type thrown, expected: <com.example.exo11.exception.TicketNotFoundException> but was: <com.example.exo11.exception.NotImplementedException>
	at org.junit.jupiter.api.AssertionFailureBuilder.build(AssertionFailureBuilder.java:151)
	at org.junit.jupiter.api.AssertThrows.assertThrows(AssertThrows.java:67)
	at org.junit.jupiter.api.AssertThrows.assertThrows(AssertThrows.java:35)
	at org.junit.jupiter.api.Assertions.assertThrows(Assertions.java:3128)
	at com.example.exo11.service.TicketServiceTest.shouldThrowWhenUpdatingStatusOfUnknownTicket(TicketServiceTest.java:198)
	at java.base/java.lang.reflect.Method.invoke(Method.java:565)
	at java.base/java.util.ArrayList.forEach(ArrayList.java:1604)
	at java.base/java.util.ArrayList.forEach(ArrayList.java:1604)
Caused by: com.example.exo11.exception.NotImplementedException
	at com.example.exo11.service.TicketService.updateStatus(TicketService.java:34)
	at com.example.exo11.service.TicketServiceTest.lambda$shouldThrowWhenUpdatingStatusOfUnknownTicket$0(TicketServiceTest.java:200)
	at org.junit.jupiter.api.AssertThrows.assertThrows(AssertThrows.java:53)
	... 6 more

com.example.exo11.service.TicketServiceTest.shouldAllowTransitionFromOpenToInProgress -- Time elapsed: 0.004 s <<< ERROR!
com.example.exo11.exception.NotImplementedException
	at com.example.exo11.service.TicketService.updateStatus(TicketService.java:34)
	at com.example.exo11.service.TicketServiceTest.shouldAllowTransitionFromOpenToInProgress(TicketServiceTest.java:124)
	at java.base/java.lang.reflect.Method.invoke(Method.java:565)
	at java.base/java.util.ArrayList.forEach(ArrayList.java:1604)
	at java.base/java.util.ArrayList.forEach(ArrayList.java:1604)

com.example.exo11.service.TicketServiceTest.shouldRejectForbiddenTransitionFromInProgressToOpen -- Time elapsed: 0.002 s <<< FAILURE!
org.opentest4j.AssertionFailedError: Unexpected exception type thrown, expected: <com.example.exo11.exception.InvalidStatusTransitionException> but was: <com.example.exo11.exception.NotImplementedException>
	at org.junit.jupiter.api.AssertionFailureBuilder.build(AssertionFailureBuilder.java:151)
	at org.junit.jupiter.api.AssertThrows.assertThrows(AssertThrows.java:67)
	at org.junit.jupiter.api.AssertThrows.assertThrows(AssertThrows.java:35)
	at org.junit.jupiter.api.Assertions.assertThrows(Assertions.java:3128)
	at com.example.exo11.service.TicketServiceTest.shouldRejectForbiddenTransitionFromInProgressToOpen(TicketServiceTest.java:184)
	at java.base/java.lang.reflect.Method.invoke(Method.java:565)
	at java.base/java.util.ArrayList.forEach(ArrayList.java:1604)
	at java.base/java.util.ArrayList.forEach(ArrayList.java:1604)
Caused by: com.example.exo11.exception.NotImplementedException
	at com.example.exo11.service.TicketService.updateStatus(TicketService.java:34)
	at com.example.exo11.service.TicketServiceTest.lambda$shouldRejectForbiddenTransitionFromInProgressToOpen$0(TicketServiceTest.java:186)
	at org.junit.jupiter.api.AssertThrows.assertThrows(AssertThrows.java:53)
	... 6 more

com.example.exo11.service.TicketServiceTest.shouldCreateTicketWithTitleAndPriority -- Time elapsed: 0.002 s <<< ERROR!
com.example.exo11.exception.NotImplementedException
	at com.example.exo11.service.TicketService.createTicket(TicketService.java:22)
	at com.example.exo11.service.TicketServiceTest.shouldCreateTicketWithTitleAndPriority(TicketServiceTest.java:45)
	at java.base/java.lang.reflect.Method.invoke(Method.java:565)
	at java.base/java.util.ArrayList.forEach(ArrayList.java:1604)
	at java.base/java.util.ArrayList.forEach(ArrayList.java:1604)

com.example.exo11.service.TicketServiceTest.shouldThrowWhenTicketDoesNotExist -- Time elapsed: 0.002 s <<< FAILURE!
org.opentest4j.AssertionFailedError: Unexpected exception type thrown, expected: <com.example.exo11.exception.TicketNotFoundException> but was: <com.example.exo11.exception.NotImplementedException>
	at org.junit.jupiter.api.AssertionFailureBuilder.build(AssertionFailureBuilder.java:151)
	at org.junit.jupiter.api.AssertThrows.assertThrows(AssertThrows.java:67)
	at org.junit.jupiter.api.AssertThrows.assertThrows(AssertThrows.java:35)
	at org.junit.jupiter.api.Assertions.assertThrows(Assertions.java:3128)
	at com.example.exo11.service.TicketServiceTest.shouldThrowWhenTicketDoesNotExist(TicketServiceTest.java:92)
	at java.base/java.lang.reflect.Method.invoke(Method.java:565)
	at java.base/java.util.ArrayList.forEach(ArrayList.java:1604)
	at java.base/java.util.ArrayList.forEach(ArrayList.java:1604)
Caused by: com.example.exo11.exception.NotImplementedException
	at com.example.exo11.service.TicketService.getTicketById(TicketService.java:26)
	at com.example.exo11.service.TicketServiceTest.lambda$shouldThrowWhenTicketDoesNotExist$0(TicketServiceTest.java:92)
	at org.junit.jupiter.api.AssertThrows.assertThrows(AssertThrows.java:53)
	... 6 more

com.example.exo11.service.TicketServiceTest.shouldCreateTicketWithOpenStatusByDefault -- Time elapsed: 0.001 s <<< ERROR!
com.example.exo11.exception.NotImplementedException
	at com.example.exo11.service.TicketService.createTicket(TicketService.java:22)
	at com.example.exo11.service.TicketServiceTest.shouldCreateTicketWithOpenStatusByDefault(TicketServiceTest.java:60)
	at java.base/java.lang.reflect.Method.invoke(Method.java:565)
	at java.base/java.util.ArrayList.forEach(ArrayList.java:1604)
	at java.base/java.util.ArrayList.forEach(ArrayList.java:1604)

com.example.exo11.service.TicketServiceTest.shouldAllowTransitionFromOpenToResolved -- Time elapsed: 0.002 s <<< ERROR!
com.example.exo11.exception.NotImplementedException
	at com.example.exo11.service.TicketService.updateStatus(TicketService.java:34)
	at com.example.exo11.service.TicketServiceTest.shouldAllowTransitionFromOpenToResolved(TicketServiceTest.java:140)
	at java.base/java.lang.reflect.Method.invoke(Method.java:565)
	at java.base/java.util.ArrayList.forEach(ArrayList.java:1604)
	at java.base/java.util.ArrayList.forEach(ArrayList.java:1604)

com.example.exo11.service.TicketServiceTest.shouldAllowTransitionFromInProgressToResolved -- Time elapsed: 0.002 s <<< ERROR!
com.example.exo11.exception.NotImplementedException
	at com.example.exo11.service.TicketService.updateStatus(TicketService.java:34)
	at com.example.exo11.service.TicketServiceTest.shouldAllowTransitionFromInProgressToResolved(TicketServiceTest.java:155)
	at java.base/java.lang.reflect.Method.invoke(Method.java:565)
	at java.base/java.util.ArrayList.forEach(ArrayList.java:1604)
	at java.base/java.util.ArrayList.forEach(ArrayList.java:1604)

com.example.exo11.service.TicketServiceTest.shouldReturnExistingTicketById -- Time elapsed: 0.001 s <<< ERROR!
com.example.exo11.exception.NotImplementedException
	at com.example.exo11.service.TicketService.getTicketById(TicketService.java:26)
	at com.example.exo11.service.TicketServiceTest.shouldReturnExistingTicketById(TicketServiceTest.java:78)
	at java.base/java.lang.reflect.Method.invoke(Method.java:565)
	at java.base/java.util.ArrayList.forEach(ArrayList.java:1604)
	at java.base/java.util.ArrayList.forEach(ArrayList.java:1604)

com.example.exo11.service.TicketServiceTest.shouldReturnAllTickets -- Time elapsed: 0.001 s <<< ERROR!
com.example.exo11.exception.NotImplementedException
	at com.example.exo11.service.TicketService.getAllTickets(TicketService.java:30)
	at com.example.exo11.service.TicketServiceTest.shouldReturnAllTickets(TicketServiceTest.java:107)
	at java.base/java.lang.reflect.Method.invoke(Method.java:565)
	at java.base/java.util.ArrayList.forEach(ArrayList.java:1604)
	at java.base/java.util.ArrayList.forEach(ArrayList.java:1604)

com.example.exo11.service.TicketServiceTest.shouldRejectTransitionFromResolvedStatus -- Time elapsed: 0.001 s <<< FAILURE!
org.opentest4j.AssertionFailedError: Unexpected exception type thrown, expected: <com.example.exo11.exception.InvalidStatusTransitionException> but was: <com.example.exo11.exception.NotImplementedException>
	at org.junit.jupiter.api.AssertionFailureBuilder.build(AssertionFailureBuilder.java:151)
	at org.junit.jupiter.api.AssertThrows.assertThrows(AssertThrows.java:67)
	at org.junit.jupiter.api.AssertThrows.assertThrows(AssertThrows.java:35)
	at org.junit.jupiter.api.Assertions.assertThrows(Assertions.java:3128)
	at com.example.exo11.service.TicketServiceTest.shouldRejectTransitionFromResolvedStatus(TicketServiceTest.java:169)
	at java.base/java.lang.reflect.Method.invoke(Method.java:565)
	at java.base/java.util.ArrayList.forEach(ArrayList.java:1604)
	at java.base/java.util.ArrayList.forEach(ArrayList.java:1604)
Caused by: com.example.exo11.exception.NotImplementedException
	at com.example.exo11.service.TicketService.updateStatus(TicketService.java:34)
	at com.example.exo11.service.TicketServiceTest.lambda$shouldRejectTransitionFromResolvedStatus$0(TicketServiceTest.java:171)
	at org.junit.jupiter.api.AssertThrows.assertThrows(AssertThrows.java:53)
	... 6 more

