<?xml version="1.0" encoding="UTF-8"?>
<testsuite xmlns:xsi="http://www.w3.org/2001/XMLSchema-instance" xsi:noNamespaceSchemaLocation="https://maven.apache.org/surefire/maven-surefire-plugin/xsd/surefire-test-report.xsd" version="3.0.2" name="com.example.exo11.service.TicketServiceTest" time="0.555" tests="11" errors="7" skipped="0" failures="4">
  <properties>
[...]
</properties>
  <testcase name="shouldThrowWhenUpdatingStatusOfUnknownTicket" classname="TicketService unit tests" time="0.522">
    <failure message="Unexpected exception type thrown, expected: &lt;com.example.exo11.exception.TicketNotFoundException&gt; but was: &lt;com.example.exo11.exception.NotImplementedException&gt;" type="org.opentest4j.AssertionFailedError"><![CDATA[org.opentest4j.AssertionFailedError: Unexpected exception type thrown, expected: <com.example.exo11.exception.TicketNotFoundException> but was: <com.example.exo11.exception.NotImplementedException>
	at org.junit.jupiter.api.AssertionFailureBuilder.build(AssertionFailureBuilder.java:151)
	at org.junit.jupiter.api.AssertThrows.assertThrows(AssertThrows.java:67)
	at org.junit.jupiter.api.AssertThrows.assertThrows(AssertThrows.java:35)
	at org.junit.jupiter.api.Assertions.assertThrows(Assertions.java:3128)
	at com.example.exo11.service.TicketServiceTest.shouldThrowWhenUpdatingStatusOfUnknownTicket(TicketServiceTest.java:198)
	at java.base/java.lang.reflect.Method.invoke(Method.java:565)
	at java.base/java.util.ArrayList.forEach(ArrayList.java:1604)
	at java.base/java.util.ArrayList.forEach(ArrayList.java:1604)
Caused by: com.example.exo11.exception.NotImplementedException
	at com.example.exo11.service.TicketService.updateStatus(TicketService.java:34)
	at com.example.exo11.service.TicketServiceTest.lambda$shouldThrowWhenUpdatingStatusOfUnknownTicket$0(TicketServiceTest.java:200)
	at org.junit.jupiter.api.AssertThrows.assertThrows(AssertThrows.java:53)
	... 6 more
]]></failure>
    <system-err><![CDATA[Mockito is currently self-attaching to enable the inline-mock-maker. This will no longer work in future releases of the JDK. Please add Mockito as an agent to your build as described in Mockito's documentation: https://javadoc.io/doc/org.mockito/mockito-core/latest/org.mockito/org/mockito/Mockito.html#0.3
WARNING: A Java agent has been loaded dynamically (/Users/enzoga/.m2/repository/net/bytebuddy/byte-buddy-agent/1.17.8/byte-buddy-agent-1.17.8.jar)
WARNING: If a serviceability tool is in use, please run with -XX:+EnableDynamicAgentLoading to hide this warning
WARNING: If a serviceability tool is not in use, please run with -Djdk.instrument.traceUsage for more information
WARNING: Dynamic loading of agents will be disallowed by default in a future release
]]></system-err>
  </testcase>
  <testcase name="shouldAllowTransitionFromOpenToInProgress" classname="TicketService unit tests" time="0.004">
    <error type="com.example.exo11.exception.NotImplementedException"><![CDATA[com.example.exo11.exception.NotImplementedException
	at com.example.exo11.service.TicketService.updateStatus(TicketService.java:34)
	at com.example.exo11.service.TicketServiceTest.shouldAllowTransitionFromOpenToInProgress(TicketServiceTest.java:124)
	at java.base/java.lang.reflect.Method.invoke(Method.java:565)
	at java.base/java.util.ArrayList.forEach(ArrayList.java:1604)
	at java.base/java.util.ArrayList.forEach(ArrayList.java:1604)
]]></error>
  </testcase>
  <testcase name="shouldRejectForbiddenTransitionFromInProgressToOpen" classname="TicketService unit tests" time="0.002">
    <failure message="Unexpected exception type thrown, expected: &lt;com.example.exo11.exception.InvalidStatusTransitionException&gt; but was: &lt;com.example.exo11.exception.NotImplementedException&gt;" type="org.opentest4j.AssertionFailedError"><![CDATA[org.opentest4j.AssertionFailedError: Unexpected exception type thrown, expected: <com.example.exo11.exception.InvalidStatusTransitionException> but was: <com.example.exo11.exception.NotImplementedException>
	at org.junit.jupiter.api.AssertionFailureBuilder.build(AssertionFailureBuilder.java:151)
	at org.junit.jupiter.api.AssertThrows.assertThrows(AssertThrows.java:67)
	at org.junit.jupiter.api.AssertThrows.assertThrows(AssertThrows.java:35)
	at org.junit.jupiter.api.Assertions.assertThrows(Assertions.java:3128)
	at com.example.exo11.service.TicketServiceTest.shouldRejectForbiddenTransitionFromInProgressToOpen(TicketServiceTest.java:184)
	at java.base/java.lang.reflect.Method.invoke(Method.java:565)
	at java.base/java.util.ArrayList.forEach(ArrayList.java:1604)
	at java.base/java.util.ArrayList.forEach(ArrayList.java:1604)
Caused by: com.example.exo11.exception.NotImplementedException
	at com.example.exo11.service.TicketService.updateStatus(TicketService.java:34)
	at com.example.exo11.service.TicketServiceTest.lambda$shouldRejectForbiddenTransitionFromInProgressToOpen$0(TicketServiceTest.java:186)
	at org.junit.jupiter.api.AssertThrows.assertThrows(AssertThrows.java:53)
	... 6 more
]]></failure>
  </testcase>
  <testcase name="shouldCreateTicketWithTitleAndPriority" classname="TicketService unit tests" time="0.002">
    <error type="com.example.exo11.exception.NotImplementedException"><![CDATA[com.example.exo11.exception.NotImplementedException
	at com.example.exo11.service.TicketService.createTicket(TicketService.java:22)
	at com.example.exo11.service.TicketServiceTest.shouldCreateTicketWithTitleAndPriority(TicketServiceTest.java:45)
	at java.base/java.lang.reflect.Method.invoke(Method.java:565)
	at java.base/java.util.ArrayList.forEach(ArrayList.java:1604)
	at java.base/java.util.ArrayList.forEach(ArrayList.java:1604)
]]></error>
  </testcase>
  <testcase name="shouldThrowWhenTicketDoesNotExist" classname="TicketService unit tests" time="0.002">
    <failure message="Unexpected exception type thrown, expected: &lt;com.example.exo11.exception.TicketNotFoundException&gt; but was: &lt;com.example.exo11.exception.NotImplementedException&gt;" type="org.opentest4j.AssertionFailedError"><![CDATA[org.opentest4j.AssertionFailedError: Unexpected exception type thrown, expected: <com.example.exo11.exception.TicketNotFoundException> but was: <com.example.exo11.exception.NotImplementedException>
	at org.junit.jupiter.api.AssertionFailureBuilder.build(AssertionFailureBuilder.java:151)
	at org.junit.jupiter.api.AssertThrows.assertThrows(AssertThrows.java:67)
	at org.junit.jupiter.api.AssertThrows.assertThrows(AssertThrows.java:35)
	at org.junit.jupiter.api.Assertions.assertThrows(Assertions.java:3128)
	at com.example.exo11.service.TicketServiceTest.shouldThrowWhenTicketDoesNotExist(TicketServiceTest.java:92)
	at java.base/java.lang.reflect.Method.invoke(Method.java:565)
	at java.base/java.util.ArrayList.forEach(ArrayList.java:1604)
	at java.base/java.util.ArrayList.forEach(ArrayList.java:1604)
Caused by: com.example.exo11.exception.NotImplementedException
	at com.example.exo11.service.TicketService.getTicketById(TicketService.java:26)
	at com.example.exo11.service.TicketServiceTest.lambda$shouldThrowWhenTicketDoesNotExist$0(TicketServiceTest.java:92)
	at org.junit.jupiter.api.AssertThrows.assertThrows(AssertThrows.java:53)
	... 6 more
]]></failure>
  </testcase>
  <testcase name="shouldCreateTicketWithOpenStatusByDefault" classname="TicketService unit tests" time="0.001">
    <error type="com.example.exo11.exception.NotImplementedException"><![CDATA[com.example.exo11.exception.NotImplementedException
	at com.example.exo11.service.TicketService.createTicket(TicketService.java:22)
	at com.example.exo11.service.TicketServiceTest.shouldCreateTicketWithOpenStatusByDefault(TicketServiceTest.java:60)
	at java.base/java.lang.reflect.Method.invoke(Method.java:565)
	at java.base/java.util.ArrayList.forEach(ArrayList.java:1604)
	at java.base/java.util.ArrayList.forEach(ArrayList.java:1604)
]]></error>
  </testcase>
  <testcase name="shouldAllowTransitionFromOpenToResolved" classname="TicketService unit tests" time="0.002">
    <error type="com.example.exo11.exception.NotImplementedException"><![CDATA[com.example.exo11.exception.NotImplementedException
	at com.example.exo11.service.TicketService.updateStatus(TicketService.java:34)
	at com.example.exo11.service.TicketServiceTest.shouldAllowTransitionFromOpenToResolved(TicketServiceTest.java:140)
	at java.base/java.lang.reflect.Method.invoke(Method.java:565)
	at java.base/java.util.ArrayList.forEach(ArrayList.java:1604)
	at java.base/java.util.ArrayList.forEach(ArrayList.java:1604)
]]></error>
  </testcase>
  <testcase name="shouldAllowTransitionFromInProgressToResolved" classname="TicketService unit tests" time="0.002">
    <error type="com.example.exo11.exception.NotImplementedException"><![CDATA[com.example.exo11.exception.NotImplementedException
	at com.example.exo11.service.TicketService.updateStatus(TicketService.java:34)
	at com.example.exo11.service.TicketServiceTest.shouldAllowTransitionFromInProgressToResolved(TicketServiceTest.java:155)
	at java.base/java.lang.reflect.Method.invoke(Method.java:565)
	at java.base/java.util.ArrayList.forEach(ArrayList.java:1604)
	at java.base/java.util.ArrayList.forEach(ArrayList.java:1604)
]]></error>
  </testcase>
  <testcase name="shouldReturnExistingTicketById" classname="TicketService unit tests" time="0.001">
    <error type="com.example.exo11.exception.NotImplementedException"><![CDATA[com.example.exo11.exception.NotImplementedException
	at com.example.exo11.service.TicketService.getTicketById(TicketService.java:26)
	at com.example.exo11.service.TicketServiceTest.shouldReturnExistingTicketById(TicketServiceTest.java:78)
	at java.base/java.lang.reflect.Method.invoke(Method.java:565)
	at java.base/java.util.ArrayList.forEach(ArrayList.java:1604)
	at java.base/java.util.ArrayList.forEach(ArrayList.java:1604)
]]></error>
  </testcase>
  <testcase name="shouldReturnAllTickets" classname="TicketService unit tests" time="0.001">
    <error type="com.example.exo11.exception.NotImplementedException"><![CDATA[com.example.exo11.exception.NotImplementedException
	at com.example.exo11.service.TicketService.getAllTickets(TicketService.java:30)
	at com.example.exo11.service.TicketServiceTest.shouldReturnAllTickets(TicketServiceTest.java:107)
	at java.base/java.lang.reflect.Method.invoke(Method.java:565)
	at java.base/java.util.ArrayList.forEach(ArrayList.java:1604)
	at java.base/java.util.ArrayList.forEach(ArrayList.java:1604)
]]></error>
  </testcase>
  <testcase name="shouldRejectTransitionFromResolvedStatus" classname="TicketService unit tests" time="0.001">
    <failure message="Unexpected exception type thrown, expected: &lt;com.example.exo11.exception.InvalidStatusTransitionException&gt; but was: &lt;com.example.exo11.exception.NotImplementedException&gt;" type="org.opentest4j.AssertionFailedError"><![CDATA[org.opentest4j.AssertionFailedError: Unexpected exception type thrown, expected: <com.example.exo11.exception.InvalidStatusTransitionException> but was: <com.example.exo11.exception.NotImplementedException>
	at org.junit.jupiter.api.AssertionFailureBuilder.build(AssertionFailureBuilder.java:151)
	at org.junit.jupiter.api.AssertThrows.assertThrows(AssertThrows.java:67)
	at org.junit.jupiter.api.AssertThrows.assertThrows(AssertThrows.java:35)
	at org.junit.jupiter.api.Assertions.assertThrows(Assertions.java:3128)
	at com.example.exo11.service.TicketServiceTest.shouldRejectTransitionFromResolvedStatus(TicketServiceTest.java:169)
	at java.base/java.lang.reflect.Method.invoke(Method.java:565)
	at java.base/java.util.ArrayList.forEach(ArrayList.java:1604)
	at java.base/java.util.ArrayList.forEach(ArrayList.java:1604)
Caused by: com.example.exo11.exception.NotImplementedException
	at com.example.exo11.service.TicketService.updateStatus(TicketService.java:34)
	at com.example.exo11.service.TicketServiceTest.lambda$shouldRejectTransitionFromResolvedStatus$0(TicketServiceTest.java:171)
	at org.junit.jupiter.api.AssertThrows.assertThrows(AssertThrows.java:53)
	... 6 more
]]></failure>
  </testcase>
</testsuite>